# JRE version: OpenJDK Runtime Environment (11.0.10) (build 11.0.10+0-b96-7249189)
# Java VM: OpenJDK 64-Bit Server VM (11.0.10+0-b96-7249189, mixed mode, tiered, compressed oops, g1 gc, windows-amd64)
Heap:
 garbage-first heap   total 959488K, used 184184K [0x0000000080000000, 0x0000000100000000)
  region size 1024K, 19 young (19456K), 19 survivors (19456K)
 Metaspace       used 98838K, capacity 101647K, committed 101964K, reserved 1136640K
  class space    used 12941K, capacity 14085K, committed 14208K, reserved 1048576K
GC Heap History (20 events):
Event: 11.605 GC heap after
{Heap after GC invocations=31 (full 0):
 garbage-first heap   total 253952K, used 160327K [0x0000000080000000, 0x0000000100000000)
  region size 1024K, 7 young (7168K), 7 survivors (7168K)
 Metaspace       used 93247K, capacity 95875K, committed 95948K, reserved 1132544K
  class space    used 12215K, capacity 13276K, committed 13312K, reserved 1048576K
}
Event: 11.843 GC heap before
{Heap before GC invocations=32 (full 0):
 garbage-first heap   total 253952K, used 203335K [0x0000000080000000, 0x0000000100000000)
  region size 1024K, 49 young (50176K), 7 survivors (7168K)
 Metaspace       used 96341K, capacity 99057K, committed 99148K, reserved 1134592K
  class space    used 12792K, capacity 13893K, committed 13952K, reserved 1048576K
}
Event: 11.852 GC heap after
{Heap after GC invocations=33 (full 0):
 garbage-first heap   total 253952K, used 166185K [0x0000000080000000, 0x0000000100000000)
  region size 1024K, 6 young (6144K), 6 survivors (6144K)
 Metaspace       used 96341K, capacity 99057K, committed 99148K, reserved 1134592K
  class space    used 12792K, capacity 13893K, committed 13952K, reserved 1048576K
}
Event: 11.874 GC heap before
{Heap before GC invocations=33 (full 0):
 garbage-first heap   total 253952K, used 172329K [0x0000000080000000, 0x0000000100000000)
  region size 1024K, 12 young (12288K), 6 survivors (6144K)
 Metaspace       used 96477K, capacity 99248K, committed 99404K, reserved 1134592K
  class space    used 12813K, capacity 13934K, committed 13952K, reserved 1048576K
}
Event: 11.882 GC heap after
{Heap after GC invocations=34 (full 0):
 garbage-first heap   total 387072K, used 165699K [0x0000000080000000, 0x0000000100000000)
  region size 1024K, 1 young (1024K), 1 survivors (1024K)
 Metaspace       used 96477K, capacity 99248K, committed 99404K, reserved 1134592K
  class space    used 12813K, capacity 13934K, committed 13952K, reserved 1048576K
}
Event: 12.087 GC heap before
{Heap before GC invocations=34 (full 0):
 garbage-first heap   total 387072K, used 247619K [0x0000000080000000, 0x0000000100000000)
  region size 1024K, 81 young (82944K), 1 survivors (1024K)
 Metaspace       used 97188K, capacity 99950K, committed 100044K, reserved 1134592K
  class space    used 12892K, capacity 14008K, committed 14080K, reserved 1048576K
}
Event: 12.091 GC heap after
{Heap after GC invocations=35 (full 0):
 garbage-first heap   total 387072K, used 167739K [0x0000000080000000, 0x0000000100000000)
  region size 1024K, 3 young (3072K), 3 survivors (3072K)
 Metaspace       used 97188K, capacity 99950K, committed 100044K, reserved 1134592K
  class space    used 12892K, capacity 14008K, committed 14080K, reserved 1048576K
}
Event: 12.282 GC heap before
{Heap before GC invocations=35 (full 0):
 garbage-first heap   total 387072K, used 272187K [0x0000000080000000, 0x0000000100000000)
  region size 1024K, 105 young (107520K), 3 survivors (3072K)
 Metaspace       used 97498K, capacity 100241K, committed 100556K, reserved 1136640K
  class space    used 12904K, capacity 14019K, committed 14080K, reserved 1048576K
}
Event: 12.291 GC heap after
{Heap after GC invocations=36 (full 0):
 garbage-first heap   total 387072K, used 170239K [0x0000000080000000, 0x0000000100000000)
  region size 1024K, 6 young (6144K), 6 survivors (6144K)
 Metaspace       used 97498K, capacity 100241K, committed 100556K, reserved 1136640K
  class space    used 12904K, capacity 14019K, committed 14080K, reserved 1048576K
}
Event: 12.460 GC heap before
{Heap before GC invocations=36 (full 0):
 garbage-first heap   total 387072K, used 281855K [0x0000000080000000, 0x0000000100000000)
  region size 1024K, 115 young (117760K), 6 survivors (6144K)
 Metaspace       used 97631K, capacity 100369K, committed 100556K, reserved 1136640K
  class space    used 12904K, capacity 14019K, committed 14080K, reserved 1048576K
}
Event: 12.471 GC heap after
{Heap after GC invocations=37 (full 0):
 garbage-first heap   total 387072K, used 172681K [0x0000000080000000, 0x0000000100000000)
  region size 1024K, 8 young (8192K), 8 survivors (8192K)
 Metaspace       used 97631K, capacity 100369K, committed 100556K, reserved 1136640K
  class space    used 12904K, capacity 14019K, committed 14080K, reserved 1048576K
}
Event: 12.682 GC heap before
{Heap before GC invocations=37 (full 0):
 garbage-first heap   total 387072K, used 300681K [0x0000000080000000, 0x0000000100000000)
  region size 1024K, 134 young (137216K), 8 survivors (8192K)
 Metaspace       used 97648K, capacity 100381K, committed 100556K, reserved 1136640K
  class space    used 12908K, capacity 14023K, committed 14080K, reserved 1048576K
}
Event: 12.694 GC heap after
{Heap after GC invocations=38 (full 0):
 garbage-first heap   total 545792K, used 173944K [0x0000000080000000, 0x0000000100000000)
  region size 1024K, 9 young (9216K), 9 survivors (9216K)
 Metaspace       used 97648K, capacity 100381K, committed 100556K, reserved 1136640K
  class space    used 12908K, capacity 14023K, committed 14080K, reserved 1048576K
}
Event: 13.189 GC heap before
{Heap before GC invocations=38 (full 0):
 garbage-first heap   total 545792K, used 409464K [0x0000000080000000, 0x0000000100000000)
  region size 1024K, 239 young (244736K), 9 survivors (9216K)
 Metaspace       used 97970K, capacity 100744K, committed 100812K, reserved 1136640K
  class space    used 12937K, capacity 14079K, committed 14080K, reserved 1048576K
}
Event: 13.312 GC heap after
{Heap after GC invocations=39 (full 0):
 garbage-first heap   total 545792K, used 176888K [0x0000000080000000, 0x0000000100000000)
  region size 1024K, 12 young (12288K), 12 survivors (12288K)
 Metaspace       used 97970K, capacity 100744K, committed 100812K, reserved 1136640K
  class space    used 12937K, capacity 14079K, committed 14080K, reserved 1048576K
}
Event: 13.753 GC heap before
{Heap before GC invocations=39 (full 0):
 garbage-first heap   total 545792K, used 425720K [0x0000000080000000, 0x0000000100000000)
  region size 1024K, 255 young (261120K), 12 survivors (12288K)
 Metaspace       used 98058K, capacity 100824K, committed 101196K, reserved 1136640K
  class space    used 12939K, capacity 14083K, committed 14208K, reserved 1048576K
}
Event: 13.765 GC heap after
{Heap after GC invocations=40 (full 0):
 garbage-first heap   total 545792K, used 179474K [0x0000000080000000, 0x0000000100000000)
  region size 1024K, 15 young (15360K), 15 survivors (15360K)
 Metaspace       used 98058K, capacity 100824K, committed 101196K, reserved 1136640K
  class space    used 12939K, capacity 14083K, committed 14208K, reserved 1048576K
}
Event: 14.207 GC heap before
{Heap before GC invocations=40 (full 0):
 garbage-first heap   total 545792K, used 440594K [0x0000000080000000, 0x0000000100000000)
  region size 1024K, 270 young (276480K), 15 survivors (15360K)
 Metaspace       used 98445K, capacity 101294K, committed 101452K, reserved 1136640K
  class space    used 12940K, capacity 14084K, committed 14208K, reserved 1048576K
}
Event: 14.223 GC heap after
{Heap after GC invocations=41 (full 0):
 garbage-first heap   total 545792K, used 182090K [0x0000000080000000, 0x0000000100000000)
  region size 1024K, 17 young (17408K), 17 survivors (17408K)
 Metaspace       used 98445K, capacity 101294K, committed 101452K, reserved 1136640K
  class space    used 12940K, capacity 14084K, committed 14208K, reserved 1048576K
}
Event: 14.559 GC heap before
{Heap before GC invocations=41 (full 0):
 garbage-first heap   total 545792K, used 464714K [0x0000000080000000, 0x0000000100000000)
  region size 1024K, 293 young (300032K), 17 survivors (17408K)
 Metaspace       used 98838K, capacity 101647K, committed 101964K, reserved 1136640K
  class space    used 12941K, capacity 14085K, committed 14208K, reserved 1048576K
}

